[INFO] Scanning for projects...
[INFO] 
[INFO] ------< com.securedhealthrecords:secured-health-records-backend >-------
[INFO] Building secured-health-records-backend 0.0.1-SNAPSHOT
[INFO]   from pom.xml
[INFO] --------------------------------[ jar ]---------------------------------
[INFO] 
[INFO] >>> spring-boot:3.5.5:run (default-cli) > test-compile @ secured-health-records-backend >>>
[INFO] 
[INFO] --- resources:3.3.1:resources (default-resources) @ secured-health-records-backend ---
[INFO] Copying 1 resource from src\main\resources to target\classes
[INFO] Copying 2 resources from src\main\resources to target\classes
[INFO] 
[INFO] --- compiler:3.14.0:compile (default-compile) @ secured-health-records-backend ---
[INFO] Nothing to compile - all classes are up to date.
[INFO] 
[INFO] --- resources:3.3.1:testResources (default-testResources) @ secured-health-records-backend ---
[INFO] skip non existing resourceDirectory C:\Users\banar\Desktop\integrated-platform\MinorProjectBackend\src\test\resources
[INFO] 
[INFO] --- compiler:3.14.0:testCompile (default-testCompile) @ secured-health-records-backend ---
[INFO] Nothing to compile - all classes are up to date.
[INFO] 
[INFO] <<< spring-boot:3.5.5:run (default-cli) < test-compile @ secured-health-records-backend <<<
[INFO] 
[INFO] 
[INFO] --- spring-boot:3.5.5:run (default-cli) @ secured-health-records-backend ---
[INFO] Attaching agents: []

  .   ____          _            __ _ _
 /\\ / ___'_ __ _ _(_)_ __  __ _ \ \ \ \
( ( )\___ | '_ | '_| | '_ \/ _` | \ \ \ \
 \\/  ___)| |_)| | | | | || (_| |  ) ) ) )
  '  |____| .__|_| |_|_| |_\__, | / / / /
 =========|_|==============|___/=/_/_/_/

 :: Spring Boot ::                (v3.5.5)

2025-09-17T22:22:29.213+05:30  INFO 21576 --- [secured-health-records-backend] [           main] c.s.MinorProjectBackendApplication       : Starting MinorProjectBackendApplication using Java 24.0.1 with PID 21576 (C:\Users\banar\Desktop\integrated-platform\MinorProjectBackend\target\classes started by banar in C:\Users\banar\Desktop\integrated-platform\MinorProjectBackend)
2025-09-17T22:22:29.233+05:30 DEBUG 21576 --- [secured-health-records-backend] [           main] c.s.MinorProjectBackendApplication       : Running with Spring Boot v3.5.5, Spring v6.2.10
2025-09-17T22:22:29.240+05:30  INFO 21576 --- [secured-health-records-backend] [           main] c.s.MinorProjectBackendApplication       : No active profile set, falling back to 1 default profile: "default"
2025-09-17T22:22:41.969+05:30  INFO 21576 --- [secured-health-records-backend] [           main] .s.d.r.c.RepositoryConfigurationDelegate : Bootstrapping Spring Data MongoDB repositories in DEFAULT mode.
2025-09-17T22:22:44.147+05:30  INFO 21576 --- [secured-health-records-backend] [           main] .s.d.r.c.RepositoryConfigurationDelegate : Finished Spring Data repository scanning in 2101 ms. Found 9 MongoDB repository interfaces.
2025-09-17T22:22:49.027+05:30  INFO 21576 --- [secured-health-records-backend] [           main] o.s.b.w.embedded.tomcat.TomcatWebServer  : Tomcat initialized with port 8080 (http)
2025-09-17T22:22:49.119+05:30  INFO 21576 --- [secured-health-records-backend] [           main] o.apache.catalina.core.StandardService   : Starting service [Tomcat]
2025-09-17T22:22:49.120+05:30  INFO 21576 --- [secured-health-records-backend] [           main] o.apache.catalina.core.StandardEngine    : Starting Servlet engine: [Apache Tomcat/10.1.44]
2025-09-17T22:22:49.705+05:30  INFO 21576 --- [secured-health-records-backend] [           main] o.a.c.c.C.[.[localhost].[/api/v1]        : Initializing Spring embedded WebApplicationContext
2025-09-17T22:22:49.720+05:30  INFO 21576 --- [secured-health-records-backend] [           main] w.s.c.ServletWebServerApplicationContext : Root WebApplicationContext: initialization completed in 19837 ms
2025-09-17T22:22:51.446+05:30 DEBUG 21576 --- [secured-health-records-backend] [           main] c.s.config.JwtRequestFilter              : Filter 'jwtRequestFilter' configured for use
2025-09-17T22:22:53.088+05:30  INFO 21576 --- [secured-health-records-backend] [           main] org.mongodb.driver.client                : MongoClient with metadata {"driver": {"name": "mongo-java-driver|sync|spring-boot", "version": "5.5.1"}, "os": {"type": "Windows", "name": "Windows 11", "architecture": "amd64", "version": "10.0"}, "platform": "Java/Oracle Corporation/24.0.1+9-30"} created with settings MongoClientSettings{readPreference=primary, writeConcern=WriteConcern{w=null, wTimeout=null ms, journal=null}, retryWrites=true, retryReads=true, readConcern=ReadConcern{level=null}, credential=null, transportSettings=null, commandListeners=[io.micrometer.core.instrument.binder.mongodb.MongoMetricsCommandListener@7871d261], codecRegistry=ProvidersCodecRegistry{codecProviders=[ValueCodecProvider{}, BsonValueCodecProvider{}, DBRefCodecProvider{}, DBObjectCodecProvider{}, DocumentCodecProvider{}, CollectionCodecProvider{}, IterableCodecProvider{}, MapCodecProvider{}, GeoJsonCodecProvider{}, GridFSFileCodecProvider{}, Jsr310CodecProvider{}, JsonObjectCodecProvider{}, BsonCodecProvider{}, EnumCodecProvider{}, com.mongodb.client.model.mql.ExpressionCodecProvider@67b5e613, com.mongodb.Jep395RecordCodecProvider@6fc1a8f6, com.mongodb.KotlinCodecProvider@3095d401]}, loggerSettings=LoggerSettings{maxDocumentLength=1000}, clusterSettings={hosts=[localhost:27017], srvServiceName=mongodb, mode=SINGLE, requiredClusterType=UNKNOWN, requiredReplicaSetName='null', serverSelector='null', clusterListeners='[]', serverSelectionTimeout='30000 ms', localThreshold='15 ms'}, socketSettings=SocketSettings{connectTimeoutMS=10000, readTimeoutMS=0, receiveBufferSize=0, proxySettings=ProxySettings{host=null, port=null, username=null, password=null}}, heartbeatSocketSettings=SocketSettings{connectTimeoutMS=10000, readTimeoutMS=10000, receiveBufferSize=0, proxySettings=ProxySettings{host=null, port=null, username=null, password=null}}, connectionPoolSettings=ConnectionPoolSettings{maxSize=100, minSize=0, maxWaitTimeMS=120000, maxConnectionLifeTimeMS=0, maxConnectionIdleTimeMS=0, maintenanceInitialDelayMS=0, maintenanceFrequencyMS=60000, connectionPoolListeners=[io.micrometer.core.instrument.binder.mongodb.MongoMetricsConnectionPoolListener@6a5dd083], maxConnecting=2}, serverSettings=ServerSettings{heartbeatFrequencyMS=10000, minHeartbeatFrequencyMS=500, serverMonitoringMode=AUTO, serverListeners='[]', serverMonitorListeners='[]'}, sslSettings=SslSettings{enabled=false, invalidHostNameAllowed=false, context=null}, applicationName='null', compressorList=[], uuidRepresentation=JAVA_LEGACY, serverApi=null, autoEncryptionSettings=null, dnsClient=null, inetAddressResolver=null, contextProvider=null, timeoutMS=null}
2025-09-17T22:22:53.537+05:30  INFO 21576 --- [secured-health-records-backend] [localhost:27017] org.mongodb.driver.cluster               : Monitor thread successfully connected to server with description ServerDescription{address=localhost:27017, type=STANDALONE, cryptd=false, state=CONNECTED, ok=true, minWireVersion=0, maxWireVersion=25, maxDocumentSize=16777216, logicalSessionTimeoutMinutes=30, roundTripTimeNanos=414465000, minRoundTripTimeNanos=0}
2025-09-17T22:22:56.460+05:30  WARN 21576 --- [secured-health-records-backend] [           main] c.s.service.MailerSendService            : MailerSend is disabled: missing or placeholder API key/from-email. Emails will be skipped in development.
2025-09-17T22:22:57.095+05:30  INFO 21576 --- [secured-health-records-backend] [           main] r$InitializeUserDetailsManagerConfigurer : Global AuthenticationManager configured with UserDetailsService bean with name userDetailsServiceImpl
2025-09-17T22:22:59.092+05:30  INFO 21576 --- [secured-health-records-backend] [           main] o.s.b.a.e.web.EndpointLinksResolver      : Exposing 1 endpoint beneath base path '/actuator'
2025-09-17T22:22:59.268+05:30 DEBUG 21576 --- [secured-health-records-backend] [           main] o.s.s.web.DefaultSecurityFilterChain     : Will secure any request with filters: DisableEncodeUrlFilter, WebAsyncManagerIntegrationFilter, SecurityContextHolderFilter, HeaderWriterFilter, CorsFilter, LogoutFilter, JwtRequestFilter, RequestCacheAwareFilter, SecurityContextHolderAwareRequestFilter, AnonymousAuthenticationFilter, SessionManagementFilter, ExceptionTranslationFilter, AuthorizationFilter
WARNING: A terminally deprecated method in sun.misc.Unsafe has been called
WARNING: sun.misc.Unsafe::allocateMemory has been called by io.netty.util.internal.PlatformDependent0$2 (file:/C:/Users/banar/.m2/repository/io/netty/netty-common/4.1.124.Final/netty-common-4.1.124.Final.jar)
WARNING: Please consider reporting this to the maintainers of class io.netty.util.internal.PlatformDependent0$2
WARNING: sun.misc.Unsafe::allocateMemory will be removed in a future release
2025-09-17T22:23:01.006+05:30  WARN 21576 --- [secured-health-records-backend] [           main] ConfigServletWebServerApplicationContext : Exception encountered during context initialization - cancelling refresh attempt: org.springframework.context.ApplicationContextException: Failed to start bean 'webServerStartStop'
2025-09-17T22:23:01.154+05:30  INFO 21576 --- [secured-health-records-backend] [           main] .s.b.a.l.ConditionEvaluationReportLogger : 

Error starting ApplicationContext. To display the condition evaluation report re-run your application with 'debug' enabled.
2025-09-17T22:23:01.210+05:30 ERROR 21576 --- [secured-health-records-backend] [           main] o.s.b.d.LoggingFailureAnalysisReporter   : 

***************************
APPLICATION FAILED TO START
***************************

Description:

Web server failed to start. Port 8080 was already in use.

Action:

Identify and stop the process that's listening on port 8080 or configure this application to listen on another port.

[INFO] ------------------------------------------------------------------------
[INFO] BUILD FAILURE
[INFO] ------------------------------------------------------------------------
[INFO] Total time:  01:22 min
[INFO] Finished at: 2025-09-17T22:23:01+05:30
[INFO] ------------------------------------------------------------------------
[ERROR] Failed to execute goal org.springframework.boot:spring-boot-maven-plugin:3.5.5:run (default-cli) on project secured-health-records-backend: Process terminated with exit code: 1 -> [Help 1]
[ERROR] 
[ERROR] To see the full stack trace of the errors, re-run Maven with the -e switch.
[ERROR] Re-run Maven using the -X switch to enable full debug logging.
[ERROR] 
[ERROR] For more information about the errors and possible solutions, please read the following articles:
[ERROR] [Help 1] http://cwiki.apache.org/confluence/display/MAVEN/MojoExecutionException
SecurityContext
2025-09-17T22:22:45.795+05:30 DEBUG 22376 --- [secured-health-records-backend] [nio-8080-exec-3] o.s.s.w.a.Http403ForbiddenEntryPoint     : Pre-authenticated entry point called. Rejecting access
2025-09-17T22:22:45.795+05:30 DEBUG 22376 --- [secured-health-records-backend] [nio-8080-exec-2] o.s.s.w.a.Http403ForbiddenEntryPoint     : Pre-authenticated entry point called. Rejecting access
2025-09-17T22:22:45.859+05:30 DEBUG 22376 --- [secured-health-records-backend] [nio-8080-exec-2] o.s.security.web.FilterChainProxy        : Securing GET /error
2025-09-17T22:22:45.859+05:30 DEBUG 22376 --- [secured-health-records-backend] [nio-8080-exec-3] o.s.security.web.FilterChainProxy        : Securing GET /error
2025-09-17T22:22:45.869+05:30 DEBUG 22376 --- [secured-health-records-backend] [nio-8080-exec-3] o.s.s.w.a.AnonymousAuthenticationFilter  : Set SecurityContextHolder to anonymous SecurityContext
2025-09-17T22:22:45.872+05:30 DEBUG 22376 --- [secured-health-records-backend] [nio-8080-exec-2] o.s.s.w.a.AnonymousAuthenticationFilter  : Set SecurityContextHolder to anonymous SecurityContext
2025-09-17T22:22:45.874+05:30 DEBUG 22376 --- [secured-health-records-backend] [nio-8080-exec-3] o.s.s.w.a.Http403ForbiddenEntryPoint     : Pre-authenticated entry point called. Rejecting access
2025-09-17T22:22:45.877+05:30 DEBUG 22376 --- [secured-health-records-backend] [nio-8080-exec-2] o.s.s.w.a.Http403ForbiddenEntryPoint     : Pre-authenticated entry point called. Rejecting access
2025-09-17T22:22:45.945+05:30 DEBUG 22376 --- [secured-health-records-backend] [nio-8080-exec-5] o.s.security.web.FilterChainProxy        : Securing GET /doctors
2025-09-17T22:22:45.951+05:30 DEBUG 22376 --- [secured-health-records-backend] [nio-8080-exec-5] o.s.s.w.a.AnonymousAuthenticationFilter  : Set SecurityContextHolder to anonymous SecurityContext
2025-09-17T22:22:45.955+05:30 DEBUG 22376 --- [secured-health-records-backend] [nio-8080-exec-5] o.s.s.w.a.Http403ForbiddenEntryPoint     : Pre-authenticated entry point called. Rejecting access
2025-09-17T22:22:45.969+05:30 DEBUG 22376 --- [secured-health-records-backend] [nio-8080-exec-5] o.s.security.web.FilterChainProxy        : Securing GET /error
2025-09-17T22:22:45.975+05:30 DEBUG 22376 --- [secured-health-records-backend] [nio-8080-exec-5] o.s.s.w.a.AnonymousAuthenticationFilter  : Set SecurityContextHolder to anonymous SecurityContext
2025-09-17T22:22:45.977+05:30 DEBUG 22376 --- [secured-health-records-backend] [nio-8080-exec-5] o.s.s.w.a.Http403ForbiddenEntryPoint     : Pre-authenticated entry point called. Rejecting access
2025-09-17T22:22:46.259+05:30 DEBUG 22376 --- [secured-health-records-backend] [nio-8080-exec-6] o.s.security.web.FilterChainProxy        : Securing GET /health-tips
2025-09-17T22:22:46.264+05:30 DEBUG 22376 --- [secured-health-records-backend] [nio-8080-exec-6] o.s.s.w.a.AnonymousAuthenticationFilter  : Set SecurityContextHolder to anonymous SecurityContext
2025-09-17T22:22:46.269+05:30 DEBUG 22376 --- [secured-health-records-backend] [nio-8080-exec-6] o.s.s.w.a.Http403ForbiddenEntryPoint     : Pre-authenticated entry point called. Rejecting access
2025-09-17T22:22:46.277+05:30 DEBUG 22376 --- [secured-health-records-backend] [nio-8080-exec-6] o.s.security.web.FilterChainProxy        : Securing GET /error
2025-09-17T22:22:46.281+05:30 DEBUG 22376 --- [secured-health-records-backend] [nio-8080-exec-6] o.s.s.w.a.AnonymousAuthenticationFilter  : Set SecurityContextHolder to anonymous SecurityContext
2025-09-17T22:22:46.284+05:30 DEBUG 22376 --- [secured-health-records-backend] [nio-8080-exec-6] o.s.s.w.a.Http403ForbiddenEntryPoint     : Pre-authenticated entry point called. Rejecting access
2025-09-17T22:23:07.726+05:30 DEBUG 22376 --- [secured-health-records-backend] [nio-8080-exec-8] o.s.security.web.FilterChainProxy        : Securing GET /doctors
2025-09-17T22:23:07.726+05:30 DEBUG 22376 --- [secured-health-records-backend] [nio-8080-exec-7] o.s.security.web.FilterChainProxy        : Securing GET /health-tips
2025-09-17T22:23:07.731+05:30 DEBUG 22376 --- [secured-health-records-backend] [nio-8080-exec-7] o.s.s.w.a.AnonymousAuthenticationFilter  : Set SecurityContextHolder to anonymous SecurityContext
2025-09-17T22:23:07.734+05:30 DEBUG 22376 --- [secured-health-records-backend] [nio-8080-exec-8] o.s.s.w.a.AnonymousAuthenticationFilter  : Set SecurityContextHolder to anonymous SecurityContext
2025-09-17T22:23:07.735+05:30 DEBUG 22376 --- [secured-health-records-backend] [nio-8080-exec-7] o.s.s.w.a.Http403ForbiddenEntryPoint     : Pre-authenticated entry point called. Rejecting access
2025-09-17T22:23:07.736+05:30 DEBUG 22376 --- [secured-health-records-backend] [nio-8080-exec-8] o.s.s.w.a.Http403ForbiddenEntryPoint     : Pre-authenticated entry point called. Rejecting access
2025-09-17T22:23:07.739+05:30 DEBUG 22376 --- [secured-health-records-backend] [nio-8080-exec-8] o.s.security.web.FilterChainProxy        : Securing GET /error
2025-09-17T22:23:07.740+05:30 DEBUG 22376 --- [secured-health-records-backend] [nio-8080-exec-7] o.s.security.web.FilterChainProxy        : Securing GET /error
2025-09-17T22:23:07.741+05:30 DEBUG 22376 --- [secured-health-records-backend] [nio-8080-exec-8] o.s.s.w.a.AnonymousAuthenticationFilter  : Set SecurityContextHolder to anonymous SecurityContext
2025-09-17T22:23:07.741+05:30 DEBUG 22376 --- [secured-health-records-backend] [nio-8080-exec-7] o.s.s.w.a.AnonymousAuthenticationFilter  : Set SecurityContextHolder to anonymous SecurityContext
2025-09-17T22:23:07.742+05:30 DEBUG 22376 --- [secured-health-records-backend] [nio-8080-exec-8] o.s.s.w.a.Http403ForbiddenEntryPoint     : Pre-authenticated entry point called. Rejecting access
2025-09-17T22:23:07.742+05:30 DEBUG 22376 --- [secured-health-records-backend] [nio-8080-exec-7] o.s.s.w.a.Http403ForbiddenEntryPoint     : Pre-authenticated entry point called. Rejecting access
2025-09-17T22:23:25.505+05:30 DEBUG 22376 --- [secured-health-records-backend] [io-8080-exec-10] o.s.security.web.FilterChainProxy        : Securing GET /doctors
2025-09-17T22:23:25.505+05:30 DEBUG 22376 --- [secured-health-records-backend] [nio-8080-exec-9] o.s.security.web.FilterChainProxy        : Securing GET /health-tips
2025-09-17T22:23:25.520+05:30 DEBUG 22376 --- [secured-health-records-backend] [io-8080-exec-10] o.s.s.w.a.AnonymousAuthenticationFilter  : Set SecurityContextHolder to anonymous SecurityContext
2025-09-17T22:23:25.521+05:30 DEBUG 22376 --- [secured-health-records-backend] [nio-8080-exec-9] o.s.s.w.a.AnonymousAuthenticationFilter  : Set SecurityContextHolder to anonymous SecurityContext
2025-09-17T22:23:25.523+05:30 DEBUG 22376 --- [secured-health-records-backend] [nio-8080-exec-9] o.s.s.w.a.Http403ForbiddenEntryPoint     : Pre-authenticated entry point called. Rejecting access
2025-09-17T22:23:25.523+05:30 DEBUG 22376 --- [secured-health-records-backend] [io-8080-exec-10] o.s.s.w.a.Http403ForbiddenEntryPoint     : Pre-authenticated entry point called. Rejecting access
2025-09-17T22:23:25.531+05:30 DEBUG 22376 --- [secured-health-records-backend] [io-8080-exec-10] o.s.security.web.FilterChainProxy        : Securing GET /error
2025-09-17T22:23:25.531+05:30 DEBUG 22376 --- [secured-health-records-backend] [nio-8080-exec-9] o.s.security.web.FilterChainProxy        : Securing GET /error
2025-09-17T22:23:25.535+05:30 DEBUG 22376 --- [secured-health-records-backend] [io-8080-exec-10] o.s.s.w.a.AnonymousAuthenticationFilter  : Set SecurityContextHolder to anonymous SecurityContext
2025-09-17T22:23:25.535+05:30 DEBUG 22376 --- [secured-health-records-backend] [nio-8080-exec-9] o.s.s.w.a.AnonymousAuthenticationFilter  : Set SecurityContextHolder to anonymous SecurityContext
2025-09-17T22:23:25.537+05:30 DEBUG 22376 --- [secured-health-records-backend] [io-8080-exec-10] o.s.s.w.a.Http403ForbiddenEntryPoint     : Pre-authenticated entry point called. Rejecting access
2025-09-17T22:23:25.537+05:30 DEBUG 22376 --- [secured-health-records-backend] [nio-8080-exec-9] o.s.s.w.a.Http403ForbiddenEntryPoint     : Pre-authenticated entry point called. Rejecting access
2025-09-17T22:24:44.642+05:30 DEBUG 22376 --- [secured-health-records-backend] [nio-8080-exec-1] o.s.security.web.FilterChainProxy        : Securing GET /health-tips
2025-09-17T22:24:44.644+05:30 DEBUG 22376 --- [secured-health-records-backend] [nio-8080-exec-4] o.s.security.web.FilterChainProxy        : Securing GET /doctors
2025-09-17T22:24:44.647+05:30 DEBUG 22376 --- [secured-health-records-backend] [nio-8080-exec-1] o.s.s.w.a.AnonymousAuthenticationFilter  : Set SecurityContextHolder to anonymous SecurityContext
2025-09-17T22:24:44.649+05:30 DEBUG 22376 --- [secured-health-records-backend] [nio-8080-exec-4] o.s.s.w.a.AnonymousAuthenticationFilter  : Set SecurityContextHolder to anonymous SecurityContext
2025-09-17T22:24:44.657+05:30 DEBUG 22376 --- [secured-health-records-backend] [nio-8080-exec-1] o.s.s.w.a.Http403ForbiddenEntryPoint     : Pre-authenticated entry point called. Rejecting access
2025-09-17T22:24:44.661+05:30 DEBUG 22376 --- [secured-health-records-backend] [nio-8080-exec-4] o.s.s.w.a.Http403ForbiddenEntryPoint     : Pre-authenticated entry point called. Rejecting access
2025-09-17T22:24:44.671+05:30 DEBUG 22376 --- [secured-health-records-backend] [nio-8080-exec-1] o.s.security.web.FilterChainProxy        : Securing GET /error
2025-09-17T22:24:44.674+05:30 DEBUG 22376 --- [secured-health-records-backend] [nio-8080-exec-1] o.s.s.w.a.AnonymousAuthenticationFilter  : Set SecurityContextHolder to anonymous SecurityContext
2025-09-17T22:24:44.674+05:30 DEBUG 22376 --- [secured-health-records-backend] [nio-8080-exec-4] o.s.security.web.FilterChainProxy        : Securing GET /error
2025-09-17T22:24:44.679+05:30 DEBUG 22376 --- [secured-health-records-backend] [nio-8080-exec-1] o.s.s.w.a.Http403ForbiddenEntryPoint     : Pre-authenticated entry point called. Rejecting access
2025-09-17T22:24:44.688+05:30 DEBUG 22376 --- [secured-health-records-backend] [nio-8080-exec-4] o.s.s.w.a.AnonymousAuthenticationFilter  : Set SecurityContextHolder to anonymous SecurityContext
2025-09-17T22:24:44.698+05:30 DEBUG 22376 --- [secured-health-records-backend] [nio-8080-exec-4] o.s.s.w.a.Http403ForbiddenEntryPoint     : Pre-authenticated entry point called. Rejecting access
2025-09-17T22:24:44.888+05:30 DEBUG 22376 --- [secured-health-records-backend] [nio-8080-exec-3] o.s.security.web.FilterChainProxy        : Securing GET /health-tips
2025-09-17T22:24:44.894+05:30 DEBUG 22376 --- [secured-health-records-backend] [nio-8080-exec-3] o.s.s.w.a.AnonymousAuthenticationFilter  : Set SecurityContextHolder to anonymous SecurityContext
2025-09-17T22:24:44.897+05:30 DEBUG 22376 --- [secured-health-records-backend] [nio-8080-exec-3] o.s.s.w.a.Http403ForbiddenEntryPoint     : Pre-authenticated entry point called. Rejecting access
2025-09-17T22:24:44.909+05:30 DEBUG 22376 --- [secured-health-records-backend] [nio-8080-exec-3] o.s.security.web.FilterChainProxy        : Securing GET /error
2025-09-17T22:24:44.912+05:30 DEBUG 22376 --- [secured-health-records-backend] [nio-8080-exec-3] o.s.s.w.a.AnonymousAuthenticationFilter  : Set SecurityContextHolder to anonymous SecurityContext
2025-09-17T22:24:44.915+05:30 DEBUG 22376 --- [secured-health-records-backend] [nio-8080-exec-3] o.s.s.w.a.Http403ForbiddenEntryPoint     : Pre-authenticated entry point called. Rejecting access
2025-09-17T22:24:45.034+05:30 DEBUG 22376 --- [secured-health-records-backend] [nio-8080-exec-2] o.s.security.web.FilterChainProxy        : Securing GET /doctors
2025-09-17T22:24:45.036+05:30 DEBUG 22376 --- [secured-health-records-backend] [nio-8080-exec-2] o.s.s.w.a.AnonymousAuthenticationFilter  : Set SecurityContextHolder to anonymous SecurityContext
2025-09-17T22:24:45.039+05:30 DEBUG 22376 --- [secured-health-records-backend] [nio-8080-exec-2] o.s.s.w.a.Http403ForbiddenEntryPoint     : Pre-authenticated entry point called. Rejecting access
2025-09-17T22:24:45.044+05:30 DEBUG 22376 --- [secured-health-records-backend] [nio-8080-exec-2] o.s.security.web.FilterChainProxy        : Securing GET /error
2025-09-17T22:24:45.048+05:30 DEBUG 22376 --- [secured-health-records-backend] [nio-8080-exec-2] o.s.s.w.a.AnonymousAuthenticationFilter  : Set SecurityContextHolder to anonymous SecurityContext
2025-09-17T22:24:45.053+05:30 DEBUG 22376 --- [secured-health-records-backend] [nio-8080-exec-2] o.s.s.w.a.Http403ForbiddenEntryPoint     : Pre-authenticated entry point called. Rejecting access
[INFO] ------------------------------------------------------------------------
[INFO] BUILD FAILURE
[INFO] ------------------------------------------------------------------------
[INFO] Total time:  15:56 min
[INFO] Finished at: 2025-09-17T22:37:10+05:30
[INFO] ------------------------------------------------------------------------
[ERROR] Failed to execute goal org.springframework.boot:spring-boot-maven-plugin:3.5.5:run (default-cli) on project secured-health-records-backend: Process terminated with exit code: -1 -> [Help 1]
[ERROR] 
[ERROR] To see the full stack trace of the errors, re-run Maven with the -e switch.
[ERROR] Re-run Maven using the -X switch to enable full debug logging.
[ERROR] 
[ERROR] For more information about the errors and possible solutions, please read the following articles:
[ERROR] [Help 1] http://cwiki.apache.org/confluence/display/MAVEN/MojoExecutionException
